{"ts":1733690816869,"action":"IDE_DEACTIVATED"}
{"ts":1733690816975,"action":"PROJECT_OPENED","tags":{"PROJECT_NAME":"AoC2024"}}
{"ts":1733690820256,"action":"IDE_ACTIVATED"}
{"ts":1733690821012,"action":"FILE_OPENED","file":"/src/main/java/pl/dekrate/Main.java","tags":{"FILE_LINE_OF_CODE":"7"}}
{"ts":1733690821699,"action":"FILE_CLOSED","file":"/src/main/java/pl/dekrate/Main.java","tags":{"FILE_LINE_OF_CODE":"7"}}
{"ts":1733690821982,"action":"FILE_OPENED","file":"/pom.xml","tags":{"FILE_LINE_OF_CODE":"17"}}
{"ts":1733690842764,"action":"FILE_CLOSED","file":"/pom.xml","tags":{"FILE_LINE_OF_CODE":"17"}}
{"ts":1733690842817,"action":"FILE_OPENED","file":"/input.txt","tags":{"FILE_LINE_OF_CODE":"0"}}
{"ts":1733690846060,"action":"IDE_DEACTIVATED"}
{"ts":1733690849500,"action":"IDE_ACTIVATED"}
{"ts":1733690850286,"action":"FILE_CLOSED","file":"/input.txt","tags":{"FILE_LINE_OF_CODE":"1000"}}
{"ts":1733690850286,"action":"FILE_OPENED","file":"/src/main/java/pl/dekrate/Main.java","tags":{"FILE_LINE_OF_CODE":"7"}}
{"ts":1733690851867,"action":"IDE_DEACTIVATED"}
{"ts":1733690892187,"action":"IDE_ACTIVATED"}
{"ts":1733690957374,"action":"IDE_DEACTIVATED"}
{"ts":1733690969745,"action":"IDE_ACTIVATED"}
{"ts":1733691024387,"action":"IDE_DEACTIVATED"}
{"ts":1733691095954,"action":"IDE_ACTIVATED"}
{"ts":1733691096330,"action":"IDE_DEACTIVATED"}
{"ts":1733691096749,"action":"IDE_ACTIVATED"}
{"ts":1733692542644,"action":"IDE_DEACTIVATED"}
{"ts":1733692544556,"action":"IDE_ACTIVATED"}
{"ts":1733692545108,"action":"IDE_DEACTIVATED"}
{"ts":1733692547790,"action":"IDE_ACTIVATED"}
{"ts":1733692555379,"action":"FILE_CLOSED","file":"/src/main/java/pl/dekrate/Main.java","tags":{"FILE_LINE_OF_CODE":"20"}}
{"ts":1733692555379,"action":"FILE_OPENED","file":"/input.txt","tags":{"FILE_LINE_OF_CODE":"1000"}}
{"ts":1733692558038,"action":"FILE_CLOSED","file":"/src/main/resources/input.txt","tags":{"FILE_LINE_OF_CODE":"1000"}}
{"ts":1733692558038,"action":"FILE_OPENED","file":"/src/main/java/pl/dekrate/Main.java","tags":{"FILE_LINE_OF_CODE":"20"}}
{"ts":1733692562929,"action":"IDE_DEACTIVATED"}
{"ts":1733692566735,"action":"IDE_ACTIVATED"}
{"ts":1733692571901,"action":"IDE_DEACTIVATED"}
{"ts":1733692650300,"action":"IDE_ACTIVATED"}
{"ts":1733692664654,"action":"IDE_DEACTIVATED"}
{"ts":1733692665674,"action":"IDE_ACTIVATED"}
{"ts":1733692666783,"action":"IDE_DEACTIVATED"}
{"ts":1733692668606,"action":"IDE_ACTIVATED"}
{"ts":1733692670976,"action":"FILE_CLOSED","file":"/src/main/java/pl/dekrate/Main.java","tags":{"FILE_LINE_OF_CODE":"17"}}
{"ts":1733692671037,"action":"FILE_OPENED","file":"/src/main/java/pl/dekrate/NumberPair.java","tags":{"FILE_LINE_OF_CODE":"5"}}
{"ts":1733692689125,"action":"IDE_DEACTIVATED"}
{"ts":1733692701362,"action":"IDE_ACTIVATED"}
{"ts":1733692701883,"action":"IDE_DEACTIVATED"}
{"ts":1733692703479,"action":"IDE_ACTIVATED"}
{"ts":1733692713882,"action":"FILE_CLOSED","file":"/src/main/java/pl/dekrate/NumberPair.java","tags":{"FILE_LINE_OF_CODE":"8"}}
{"ts":1733692713882,"action":"FILE_OPENED","file":"/src/main/java/pl/dekrate/Main.java","tags":{"FILE_LINE_OF_CODE":"17"}}
{"ts":1733692777791,"action":"FILE_CLOSED","file":"/src/main/java/pl/dekrate/Main.java","tags":{"FILE_LINE_OF_CODE":"22"}}
{"ts":1733692777791,"action":"FILE_OPENED","file":"/src/main/java/pl/dekrate/NumberPair.java","tags":{"FILE_LINE_OF_CODE":"11"}}
{"ts":1733692808251,"action":"FILE_CLOSED","file":"/src/main/java/pl/dekrate/NumberPair.java","tags":{"FILE_LINE_OF_CODE":"10"}}
{"ts":1733692808251,"action":"FILE_OPENED","file":"/src/main/java/pl/dekrate/Main.java","tags":{"FILE_LINE_OF_CODE":"22"}}
{"ts":1733692818522,"action":"IDE_DEACTIVATED"}
{"ts":1733692827511,"action":"IDE_ACTIVATED"}
{"ts":1733692846352,"action":"IDE_DEACTIVATED"}
{"ts":1733692850639,"action":"IDE_ACTIVATED"}
{"ts":1733692850809,"action":"IDE_DEACTIVATED"}
{"ts":1733692861636,"action":"IDE_ACTIVATED"}
{"ts":1733692862581,"action":"FILE_CLOSED","file":"/src/main/java/pl/dekrate/Main.java","tags":{"FILE_LINE_OF_CODE":"26"}}
{"ts":1733692862581,"action":"FILE_OPENED","file":"/src/main/java/pl/dekrate/NumberPair.java","tags":{"FILE_LINE_OF_CODE":"10"}}
{"ts":1733692877960,"action":"FILE_CLOSED","file":"/src/main/java/pl/dekrate/NumberPair.java","tags":{"FILE_LINE_OF_CODE":"14"}}
{"ts":1733692877960,"action":"FILE_OPENED","file":"/src/main/java/pl/dekrate/Main.java","tags":{"FILE_LINE_OF_CODE":"26"}}
{"ts":1733692878898,"action":"IDE_DEACTIVATED"}
{"ts":1733692879294,"action":"IDE_ACTIVATED"}
{"ts":1733692882882,"action":"IDE_DEACTIVATED"}
{"ts":1733692885417,"action":"IDE_ACTIVATED"}
{"ts":1733692931852,"action":"FILE_CLOSED","file":"/src/main/java/pl/dekrate/Main.java","tags":{"FILE_LINE_OF_CODE":"28"}}
{"ts":1733692931852,"action":"FILE_OPENED","file":"/src/main/java/pl/dekrate/NumberPair.java","tags":{"FILE_LINE_OF_CODE":"14"}}
{"ts":1733692935130,"action":"FILE_CLOSED","file":"/src/main/java/pl/dekrate/NumberPair.java","tags":{"FILE_LINE_OF_CODE":"16"}}
{"ts":1733692935130,"action":"FILE_OPENED","file":"/src/main/java/pl/dekrate/Main.java","tags":{"FILE_LINE_OF_CODE":"28"}}
{"ts":1733692935343,"action":"FILE_CLOSED","file":"/src/main/java/pl/dekrate/Main.java","tags":{"FILE_LINE_OF_CODE":"28"}}
{"ts":1733692935343,"action":"FILE_OPENED","file":"/src/main/java/pl/dekrate/NumberPair.java","tags":{"FILE_LINE_OF_CODE":"16"}}
{"ts":1733692935440,"action":"FILE_CLOSED","file":"/src/main/java/pl/dekrate/NumberPair.java","tags":{"FILE_LINE_OF_CODE":"16"}}
{"ts":1733692935505,"action":"FILE_OPENED","file":"/src/main/java/pl/dekrate/Main.java","tags":{"FILE_LINE_OF_CODE":"28"}}
{"ts":1733692950099,"action":"IDE_DEACTIVATED"}
{"ts":1733692981941,"action":"IDE_ACTIVATED"}
{"ts":1733692986217,"action":"IDE_DEACTIVATED"}
{"ts":1733692987083,"action":"IDE_ACTIVATED"}
{"ts":1733693017041,"action":"IDE_DEACTIVATED"}
{"ts":1733693017519,"action":"IDE_ACTIVATED"}
{"ts":1733693018806,"action":"IDE_DEACTIVATED"}
{"ts":1733693019575,"action":"IDE_ACTIVATED"}
{"ts":1733693045965,"action":"IDE_DEACTIVATED"}
{"ts":1733693048244,"action":"IDE_ACTIVATED"}
{"ts":1733693218066,"action":"IDE_DEACTIVATED"}
{"ts":1733693231270,"action":"IDE_ACTIVATED"}
{"ts":1733693232284,"action":"IDE_DEACTIVATED"}
{"ts":1733693234509,"action":"IDE_ACTIVATED"}
{"ts":1733693262534,"action":"IDE_DEACTIVATED"}
{"ts":1733693263640,"action":"IDE_ACTIVATED"}
{"ts":1733693344862,"action":"IDE_DEACTIVATED"}
{"ts":1733693936995,"action":"IDE_ACTIVATED"}
{"ts":1733693937633,"action":"IDE_DEACTIVATED"}
{"ts":1733693938177,"action":"IDE_ACTIVATED"}
{"ts":1733693938711,"action":"IDE_DEACTIVATED"}
{"ts":1733694505534,"action":"IDE_ACTIVATED"}
{"ts":1733694509464,"action":"IDE_DEACTIVATED"}
{"ts":1733694509944,"action":"IDE_ACTIVATED"}
{"ts":1733694511987,"action":"IDE_DEACTIVATED"}
{"ts":1733694518637,"action":"IDE_ACTIVATED"}
{"ts":1733694533979,"action":"IDE_DEACTIVATED"}
{"ts":1733694534731,"action":"IDE_ACTIVATED"}
{"ts":1733694545833,"action":"IDE_DEACTIVATED"}
{"ts":1733694547735,"action":"IDE_ACTIVATED"}
{"ts":1733694548184,"action":"IDE_DEACTIVATED"}
{"ts":1733694551418,"action":"IDE_ACTIVATED"}
{"ts":1733694551620,"action":"IDE_DEACTIVATED"}
{"ts":1733694552175,"action":"IDE_ACTIVATED"}
{"ts":1733694552763,"action":"IDE_DEACTIVATED"}
{"ts":1733694698176,"action":"IDE_ACTIVATED"}
{"ts":1733694699356,"action":"IDE_DEACTIVATED"}
{"ts":1733695081476,"action":"IDE_ACTIVATED"}
{"ts":1733695103031,"action":"IDE_DEACTIVATED"}
{"ts":1733695106176,"action":"IDE_ACTIVATED"}
{"ts":1733695164508,"action":"IDE_DEACTIVATED"}
{"ts":1733695188165,"action":"IDE_ACTIVATED"}
{"ts":1733695258197,"action":"IDE_DEACTIVATED"}
{"ts":1733695261047,"action":"IDE_ACTIVATED"}
{"ts":1733695261313,"action":"IDE_DEACTIVATED"}
{"ts":1733695268263,"action":"IDE_ACTIVATED"}
{"ts":1733695273027,"action":"IDE_DEACTIVATED"}
{"ts":1733695274253,"action":"IDE_ACTIVATED"}
{"ts":1733695276340,"action":"IDE_DEACTIVATED"}
{"ts":1733695282625,"action":"IDE_ACTIVATED"}
{"ts":1733695288430,"action":"IDE_DEACTIVATED"}
{"ts":1733695291115,"action":"IDE_ACTIVATED"}
{"ts":1733695293896,"action":"IDE_DEACTIVATED"}
{"ts":1733695294544,"action":"IDE_ACTIVATED"}
{"ts":1733695332048,"action":"IDE_DEACTIVATED"}
{"ts":1733695342914,"action":"IDE_ACTIVATED"}
{"ts":1733695381818,"action":"IDE_DEACTIVATED"}
{"ts":1733695389162,"action":"IDE_ACTIVATED"}
{"ts":1733695396951,"action":"IDE_DEACTIVATED"}
{"ts":1733695416702,"action":"IDE_ACTIVATED"}
{"ts":1733695433279,"action":"IDE_DEACTIVATED"}
{"ts":1733695639921,"action":"IDE_ACTIVATED"}
{"ts":1733695655799,"action":"IDE_DEACTIVATED"}
{"ts":1733695673536,"action":"IDE_ACTIVATED"}
{"ts":1733695675064,"action":"PROJECT_CLOSED","tags":{"PROJECT_NAME":"AoC2024"}}
{"ts":1733699176294,"action":"FILE_OPENED","file":"/src/main/java/pl/dekrate/Main.java","tags":{"FILE_LINE_OF_CODE":"36"}}
{"ts":1733699177382,"action":"PROJECT_OPENED","tags":{"PROJECT_NAME":"AoC2024"}}
{"ts":1733699196075,"action":"IDE_DEACTIVATED"}
{"ts":1733699207058,"action":"IDE_ACTIVATED"}
{"ts":1733699215074,"action":"IDE_DEACTIVATED"}
{"ts":1733699215684,"action":"IDE_ACTIVATED"}
{"ts":1733699217212,"action":"IDE_DEACTIVATED"}
{"ts":1733699225530,"action":"IDE_ACTIVATED"}
{"ts":1733699227033,"action":"IDE_DEACTIVATED"}
{"ts":1733699228465,"action":"IDE_ACTIVATED"}
{"ts":1733699228651,"action":"IDE_DEACTIVATED"}
{"ts":1733699232973,"action":"IDE_ACTIVATED"}
{"ts":1733699239080,"action":"IDE_DEACTIVATED"}
{"ts":1733699240000,"action":"IDE_ACTIVATED"}
{"ts":1733699245001,"action":"IDE_DEACTIVATED"}
{"ts":1733699249049,"action":"IDE_ACTIVATED"}
{"ts":1733699255206,"action":"IDE_DEACTIVATED"}
{"ts":1733699258404,"action":"IDE_ACTIVATED"}
{"ts":1733699300816,"action":"IDE_DEACTIVATED"}
{"ts":1733699303205,"action":"IDE_ACTIVATED"}
{"ts":1733699385199,"action":"IDE_DEACTIVATED"}
{"ts":1733699385538,"action":"IDE_ACTIVATED"}
{"ts":1733699452815,"action":"IDE_DEACTIVATED"}
{"ts":1733699454260,"action":"IDE_ACTIVATED"}
{"ts":1733699467694,"action":"IDE_DEACTIVATED"}
{"ts":1733699471300,"action":"IDE_ACTIVATED"}
{"ts":1733699472409,"action":"IDE_DEACTIVATED"}
{"ts":1733699472921,"action":"IDE_ACTIVATED"}
{"ts":1733699505972,"action":"IDE_DEACTIVATED"}
{"ts":1733699518597,"action":"IDE_ACTIVATED"}
{"ts":1733699561258,"action":"IDE_DEACTIVATED"}
{"ts":1733699594397,"action":"IDE_ACTIVATED"}
{"ts":1733699595591,"action":"PROJECT_CLOSED","tags":{"PROJECT_NAME":"AoC2024"}}
{"ts":1733699698113,"action":"FILE_OPENED","file":"/src/main/java/pl/dekrate/Main.java","tags":{"FILE_LINE_OF_CODE":"56"}}
{"ts":1733699699355,"action":"PROJECT_OPENED","tags":{"PROJECT_NAME":"AoC2024"}}
{"ts":1733699725268,"action":"IDE_ACTIVATED"}
{"ts":1733699728994,"action":"IDE_DEACTIVATED"}
{"ts":1733699766198,"action":"IDE_ACTIVATED"}
{"ts":1733699767310,"action":"IDE_DEACTIVATED"}
{"ts":1733725474632,"action":"IDE_ACTIVATED"}
{"ts":1733725475211,"action":"IDE_DEACTIVATED"}
{"ts":1733725548241,"action":"IDE_ACTIVATED"}
{"ts":1733725555526,"action":"IDE_DEACTIVATED"}
{"ts":1733725881909,"action":"IDE_ACTIVATED"}
{"ts":1733725882311,"action":"IDE_DEACTIVATED"}
{"ts":1733725927462,"action":"IDE_ACTIVATED"}
{"ts":1733725928192,"action":"IDE_DEACTIVATED"}
{"ts":1733725943786,"action":"IDE_ACTIVATED"}
{"ts":1733725951458,"action":"IDE_DEACTIVATED"}
{"ts":1733726021584,"action":"IDE_ACTIVATED"}
{"ts":1733726026689,"action":"IDE_DEACTIVATED"}
{"ts":1733726669300,"action":"IDE_ACTIVATED"}
{"ts":1733726670175,"action":"IDE_DEACTIVATED"}
{"ts":1733728644443,"action":"FILE_OPENED","file":"/src/main/java/pl/dekrate/Main.java","tags":{"FILE_LINE_OF_CODE":"56"}}
{"ts":1733728646251,"action":"PROJECT_OPENED","tags":{"PROJECT_NAME":"AoC2024"}}
{"ts":1733728962124,"action":"IDE_DEACTIVATED"}
{"ts":1733728970469,"action":"IDE_ACTIVATED"}
{"ts":1733728974396,"action":"IDE_DEACTIVATED"}
{"ts":1733728995914,"action":"IDE_ACTIVATED"}
